<?xml version="1.0" encoding="UTF-8"?>
<testsuite name="[3] de.avatar.mdp.evaluation.component.tests;1.0.0.202308011220-SNAPSHOT" tests="1" skipped="0" failures="1" errors="0" time="13.214" hostname="ilenia-XPS-15-9520" timestamp="2023-08-01T14:20:33">
<properties>
<property name="file.encoding" value="UTF-8"/>
<property name="file.separator" value="/"/>
<property name="java.class.path" value="/opt/git/avatar-mdp/cnf/cache/6.4.0/bnd-cache/biz.aQute.launcher/biz.aQute.launcher.pre.jar"/>
<property name="java.class.version" value="61.0"/>
<property name="java.home" value="/usr/lib/jvm/java-17-openjdk-amd64"/>
<property name="java.io.tmpdir" value="/tmp"/>
<property name="java.library.path" value="/usr/java/packages/lib:/usr/lib/x86_64-linux-gnu/jni:/lib/x86_64-linux-gnu:/usr/lib/x86_64-linux-gnu:/usr/lib/jni:/lib:/usr/lib"/>
<property name="java.runtime.name" value="OpenJDK Runtime Environment"/>
<property name="java.runtime.version" value="17.0.7+7-Ubuntu-0ubuntu122.04.2"/>
<property name="java.specification.name" value="Java Platform API Specification"/>
<property name="java.specification.vendor" value="Oracle Corporation"/>
<property name="java.specification.version" value="17"/>
<property name="java.vendor" value="Private Build"/>
<property name="java.vendor.url" value="Unknown"/>
<property name="java.vendor.url.bug" value="Unknown"/>
<property name="java.version" value="17.0.7"/>
<property name="java.version.date" value="2023-04-18"/>
<property name="java.vm.compressedOopsMode" value="Zero based"/>
<property name="java.vm.info" value="mixed mode, sharing"/>
<property name="java.vm.name" value="OpenJDK 64-Bit Server VM"/>
<property name="java.vm.specification.name" value="Java Virtual Machine Specification"/>
<property name="java.vm.specification.vendor" value="Oracle Corporation"/>
<property name="java.vm.specification.version" value="17"/>
<property name="java.vm.vendor" value="Private Build"/>
<property name="java.vm.version" value="17.0.7+7-Ubuntu-0ubuntu122.04.2"/>
<property name="jdk.debug" value="release"/>
<property name="launch.activation.eager" value="false"/>
<property name="launch.activators" value=""/>
<property name="launch.bundles" value="/home/ilenia/.m2/repository/org/assertj/assertj-core/3.24.1/assertj-core-3.24.1.jar,/opt/git/avatar-mdp/de.avatar.mdp.apis/generated/de.avatar.mdp.apis.jar,/opt/git/avatar-mdp/de.avatar.mdp.evaluation.component.tests/generated/de.avatar.mdp.evaluation.component.tests.jar,/opt/git/avatar-mdp/de.avatar.mdp.evaluation.model/generated/de.avatar.mdp.evaluation.model.jar,/home/ilenia/.m2/repository/org/junit/jupiter/junit-jupiter-api/5.9.1/junit-jupiter-api-5.9.1.jar,/home/ilenia/.m2/repository/org/junit/jupiter/junit-jupiter-params/5.9.1/junit-jupiter-params-5.9.1.jar,/home/ilenia/.m2/repository/org/junit/platform/junit-platform-commons/1.9.1/junit-platform-commons-1.9.1.jar,/home/ilenia/.m2/repository/net/bytebuddy/byte-buddy/1.12.21/byte-buddy-1.12.21.jar,/home/ilenia/.m2/repository/org/apache/felix/org.apache.felix.configadmin/1.9.26/org.apache.felix.configadmin-1.9.26.jar,/home/ilenia/.m2/repository/org/apache/felix/org.apache.felix.scr/2.2.6/org.apache.felix.scr-2.2.6.jar,/home/ilenia/.m2/repository/org/eclipse/emf/org.eclipse.emf.common/2.28.0/org.eclipse.emf.common-2.28.0.jar,/home/ilenia/.m2/repository/org/eclipse/emf/org.eclipse.emf.ecore/2.33.0/org.eclipse.emf.ecore-2.33.0.jar,/home/ilenia/.m2/repository/org/eclipse/emf/org.eclipse.emf.ecore.xmi/2.18.0/org.eclipse.emf.ecore.xmi-2.18.0.jar,/home/ilenia/.m2/repository/org/geckoprojects/emf/org.gecko.emf.osgi.example.model.basic/5.0.0-SNAPSHOT/org.gecko.emf.osgi.example.model.basic-5.0.0-SNAPSHOT.jar,/home/ilenia/.m2/repository/org/opentest4j/opentest4j/1.2.0/opentest4j-1.2.0.jar,/home/ilenia/.m2/repository/org/osgi/org.osgi.service.component/1.5.0/org.osgi.service.component-1.5.0.jar,/home/ilenia/.m2/repository/org/osgi/org.osgi.test.common/1.2.1/org.osgi.test.common-1.2.1.jar,/home/ilenia/.m2/repository/org/osgi/org.osgi.test.junit5/1.2.1/org.osgi.test.junit5-1.2.1.jar,/home/ilenia/.m2/repository/org/osgi/org.osgi.test.junit5.cm/1.2.1/org.osgi.test.junit5.cm-1.2.1.jar,/home/ilenia/.m2/repository/org/osgi/org.osgi.util.function/1.2.0/org.osgi.util.function-1.2.0.jar,/home/ilenia/.m2/repository/org/osgi/org.osgi.util.promise/1.3.0/org.osgi.util.promise-1.3.0.jar,/home/ilenia/.m2/repository/com/fasterxml/jackson/core/jackson-annotations/2.13.2/jackson-annotations-2.13.2.jar,/home/ilenia/.m2/repository/com/fasterxml/jackson/core/jackson-core/2.13.2/jackson-core-2.13.2.jar,/home/ilenia/.m2/repository/com/fasterxml/jackson/core/jackson-databind/2.13.2/jackson-databind-2.13.2.jar,/opt/git/avatar-mdp/de.avatar.mdp.evaluation.component/generated/de.avatar.mdp.evaluation.component.jar,/home/ilenia/.m2/repository/org/apache/felix/org.apache.felix.gogo.runtime/1.1.6/org.apache.felix.gogo.runtime-1.1.6.jar,/home/ilenia/.m2/repository/org/apache/felix/org.apache.felix.gogo.shell/1.1.4/org.apache.felix.gogo.shell-1.1.4.jar,/home/ilenia/.m2/repository/org/geckoprojects/emf/org.gecko.emf.osgi.component/5.0.0-SNAPSHOT/org.gecko.emf.osgi.component-5.0.0-SNAPSHOT.jar,/home/ilenia/.m2/repository/org/osgi/org.osgi.util.converter/1.0.8/org.osgi.util.converter-1.0.8.jar,/home/ilenia/.m2/repository/org/junit/platform/junit-platform-engine/1.9.1/junit-platform-engine-1.9.1.jar,/home/ilenia/.m2/repository/org/apiguardian/apiguardian-api/1.1.2/apiguardian-api-1.1.2.jar,/home/ilenia/.m2/repository/org/junit/jupiter/junit-jupiter-engine/5.9.1/junit-jupiter-engine-5.9.1.jar,/home/ilenia/.m2/repository/org/mockito/mockito-core/4.11.0/mockito-core-4.11.0.jar,/home/ilenia/.m2/repository/org/objenesis/objenesis/3.3/objenesis-3.3.jar,/home/ilenia/.m2/repository/org/osgi/org.osgi.test.assertj.framework/1.2.1/org.osgi.test.assertj.framework-1.2.1.jar,/home/ilenia/.m2/repository/org/mockito/mockito-junit-jupiter/4.11.0/mockito-junit-jupiter-4.11.0.jar,/home/ilenia/.m2/repository/net/bytebuddy/byte-buddy-agent/1.12.21/byte-buddy-agent-1.12.21.jar,/home/ilenia/.m2/repository/biz/aQute/bnd/biz.aQute.tester.junit-platform/6.4.0/biz.aQute.tester.junit-platform-6.4.0.jar,/home/ilenia/.m2/repository/org/junit/platform/junit-platform-launcher/1.9.1/junit-platform-launcher-1.9.1.jar"/>
<property name="launch.embedded" value="false"/>
<property name="launch.framework.restart" value="false"/>
<property name="launch.framework.restart.count" value="0"/>
<property name="launch.keep" value="false"/>
<property name="launch.name" value="test.bndrun"/>
<property name="launch.noreferences" value="false"/>
<property name="launch.notificationPort" value="52665"/>
<property name="launch.services" value="true"/>
<property name="launch.system.packages" value="sun.misc,sun.reflect,org.jacoco.agent;version=&quot;0.8.8&quot;,org.osgi.dto;version=&quot;1.1.1&quot;,org.osgi.framework;version=&quot;1.10&quot;,org.osgi.framework.connect;uses:=&quot;org.osgi.framework,org.osgi.framework.launch&quot;;version=&quot;1.0&quot;,org.osgi.framework.dto;uses:=&quot;org.osgi.dto&quot;;version=&quot;1.8&quot;,org.osgi.framework.hooks.bundle;uses:=&quot;org.osgi.framework&quot;;version=&quot;1.1&quot;,org.osgi.framework.hooks.resolver;uses:=&quot;org.osgi.framework.wiring&quot;;version=&quot;1.0&quot;,org.osgi.framework.hooks.service;uses:=&quot;org.osgi.framework&quot;;version=&quot;1.1&quot;,org.osgi.framework.hooks.weaving;uses:=&quot;org.osgi.framework.wiring&quot;;version=&quot;1.1&quot;,org.osgi.framework.launch;uses:=&quot;org.osgi.framework&quot;;version=&quot;1.2&quot;,org.osgi.framework.namespace;uses:=&quot;org.osgi.resource&quot;;version=&quot;1.2&quot;,org.osgi.framework.startlevel;uses:=&quot;org.osgi.framework&quot;;version=&quot;1.0&quot;,org.osgi.framework.startlevel.dto;uses:=&quot;org.osgi.dto&quot;;version=&quot;1.0&quot;,org.osgi.framework.wiring;uses:=&quot;org.osgi.framework,org.osgi.resource&quot;;version=&quot;1.2&quot;,org.osgi.framework.wiring.dto;uses:=&quot;org.osgi.dto,org.osgi.resource.dto&quot;;version=&quot;1.3&quot;,org.osgi.resource;version=&quot;1.0.1&quot;,org.osgi.resource.dto;uses:=&quot;org.osgi.dto&quot;;version=&quot;1.0.1&quot;,org.osgi.service.condition;version=&quot;1.0&quot;,org.osgi.service.packageadmin;uses:=&quot;org.osgi.framework&quot;;version=&quot;1.2.1&quot;,org.osgi.service.resolver;uses:=&quot;org.osgi.resource&quot;;version=&quot;1.1.1&quot;,org.osgi.service.startlevel;uses:=&quot;org.osgi.framework&quot;;version=&quot;1.1.1&quot;,org.osgi.service.url;version=&quot;1.0.1&quot;,org.osgi.util.tracker;uses:=&quot;org.osgi.framework&quot;;version=&quot;1.5.3&quot;"/>
<property name="launch.timeout" value="0"/>
<property name="launch.trace" value="false"/>
<property name="launcher.properties" value="/opt/git/avatar-mdp/de.avatar.mdp.evaluation.component.tests/generated/launch5573751963015538754.properties"/>
<property name="launcher.runpath" value="/home/ilenia/.m2/repository/org/jacoco/org.jacoco.agent/0.8.8/org.jacoco.agent-0.8.8.jar,/home/ilenia/.m2/repository/org/jacoco/org.jacoco.agent/0.8.8/org.jacoco.agent-0.8.8-runtime.jar,/home/ilenia/.m2/repository/org/apache/felix/org.apache.felix.framework/7.0.5/org.apache.felix.framework-7.0.5.jar,/opt/git/avatar-mdp/cnf/cache/6.4.0/bnd-cache/biz.aQute.launcher/biz.aQute.launcher-6.4.0.jar"/>
<property name="line.separator" value="
"/>
<property name="native.encoding" value="UTF-8"/>
<property name="os.arch" value="amd64"/>
<property name="os.name" value="Linux"/>
<property name="os.version" value="5.19.0-50-generic"/>
<property name="path.separator" value=":"/>
<property name="sun.arch.data.model" value="64"/>
<property name="sun.boot.library.path" value="/usr/lib/jvm/java-17-openjdk-amd64/lib"/>
<property name="sun.cpu.endian" value="little"/>
<property name="sun.io.unicode.encoding" value="UnicodeLittle"/>
<property name="sun.java.command" value="aQute.launcher.pre.EmbeddedLauncher"/>
<property name="sun.java.launcher" value="SUN_STANDARD"/>
<property name="sun.jnu.encoding" value="UTF-8"/>
<property name="sun.management.compiler" value="HotSpot 64-Bit Tiered Compilers"/>
<property name="tester.trace" value="true"/>
<property name="user.country" value="US"/>
<property name="user.dir" value="/opt/git/avatar-mdp/de.avatar.mdp.evaluation.component.tests"/>
<property name="user.home" value="/home/ilenia"/>
<property name="user.language" value="en"/>
<property name="user.name" value="ilenia"/>
<property name="user.timezone" value="Europe/Berlin"/>
</properties>
<testcase name="test(ServiceAware, ServiceAware)" classname="de.avatar.mdp.evaluation.component.tests.GDPRModelEvaluatorTest" time="13.144">
<failure message="
Expecting actual not to be null" type="java.lang.AssertionError"><![CDATA[java.lang.AssertionError: 
Expecting actual not to be null
	at de.avatar.mdp.evaluation.component.tests.GDPRModelEvaluatorTest.test(GDPRModelEvaluatorTest.java:77)
	at java.base/jdk.internal.reflect.NativeMethodAccessorImpl.invoke0(Native Method)
	at java.base/jdk.internal.reflect.NativeMethodAccessorImpl.invoke(NativeMethodAccessorImpl.java:77)
	at java.base/jdk.internal.reflect.DelegatingMethodAccessorImpl.invoke(DelegatingMethodAccessorImpl.java:43)
	at java.base/java.lang.reflect.Method.invoke(Method.java:568)
	at org.junit.platform.commons.util.ReflectionUtils.invokeMethod(ReflectionUtils.java:727)
	at org.junit.jupiter.engine.execution.MethodInvocation.proceed(MethodInvocation.java:60)
	at org.junit.jupiter.engine.execution.InvocationInterceptorChain$ValidatingInvocation.proceed(InvocationInterceptorChain.java:131)
	at org.junit.jupiter.engine.extension.TimeoutExtension.intercept(TimeoutExtension.java:156)
	at org.junit.jupiter.engine.extension.TimeoutExtension.interceptTestableMethod(TimeoutExtension.java:147)
	at org.junit.jupiter.engine.extension.TimeoutExtension.interceptTestMethod(TimeoutExtension.java:86)
	at org.junit.jupiter.engine.execution.InterceptingExecutableInvoker$ReflectiveInterceptorCall.lambda$ofVoidMethod$0(InterceptingExecutableInvoker.java:103)
	at org.junit.jupiter.engine.execution.InterceptingExecutableInvoker.lambda$invoke$0(InterceptingExecutableInvoker.java:93)
	at org.junit.jupiter.engine.execution.InvocationInterceptorChain$InterceptedInvocation.proceed(InvocationInterceptorChain.java:106)
	at org.junit.jupiter.engine.execution.InvocationInterceptorChain.proceed(InvocationInterceptorChain.java:64)
	at org.junit.jupiter.engine.execution.InvocationInterceptorChain.chainAndInvoke(InvocationInterceptorChain.java:45)
	at org.junit.jupiter.engine.execution.InvocationInterceptorChain.invoke(InvocationInterceptorChain.java:37)
	at org.junit.jupiter.engine.execution.InterceptingExecutableInvoker.invoke(InterceptingExecutableInvoker.java:92)
	at org.junit.jupiter.engine.execution.InterceptingExecutableInvoker.invoke(InterceptingExecutableInvoker.java:86)
	at org.junit.jupiter.engine.descriptor.TestMethodTestDescriptor.lambda$invokeTestMethod$7(TestMethodTestDescriptor.java:217)
	at org.junit.platform.engine.support.hierarchical.ThrowableCollector.execute(ThrowableCollector.java:73)
	at org.junit.jupiter.engine.descriptor.TestMethodTestDescriptor.invokeTestMethod(TestMethodTestDescriptor.java:213)
	at org.junit.jupiter.engine.descriptor.TestMethodTestDescriptor.execute(TestMethodTestDescriptor.java:138)
	at org.junit.jupiter.engine.descriptor.TestMethodTestDescriptor.execute(TestMethodTestDescriptor.java:68)
	at org.junit.platform.engine.support.hierarchical.NodeTestTask.lambda$executeRecursively$6(NodeTestTask.java:151)
	at org.junit.platform.engine.support.hierarchical.ThrowableCollector.execute(ThrowableCollector.java:73)
	at org.junit.platform.engine.support.hierarchical.NodeTestTask.lambda$executeRecursively$8(NodeTestTask.java:141)
	at org.junit.platform.engine.support.hierarchical.Node.around(Node.java:137)
	at org.junit.platform.engine.support.hierarchical.NodeTestTask.lambda$executeRecursively$9(NodeTestTask.java:139)
	at org.junit.platform.engine.support.hierarchical.ThrowableCollector.execute(ThrowableCollector.java:73)
	at org.junit.platform.engine.support.hierarchical.NodeTestTask.executeRecursively(NodeTestTask.java:138)
	at org.junit.platform.engine.support.hierarchical.NodeTestTask.execute(NodeTestTask.java:95)
	at java.base/java.util.ArrayList.forEach(ArrayList.java:1511)
	at org.junit.platform.engine.support.hierarchical.SameThreadHierarchicalTestExecutorService.invokeAll(SameThreadHierarchicalTestExecutorService.java:41)
	at org.junit.platform.engine.support.hierarchical.NodeTestTask.lambda$executeRecursively$6(NodeTestTask.java:155)
	at org.junit.platform.engine.support.hierarchical.ThrowableCollector.execute(ThrowableCollector.java:73)
	at org.junit.platform.engine.support.hierarchical.NodeTestTask.lambda$executeRecursively$8(NodeTestTask.java:141)
	at org.junit.platform.engine.support.hierarchical.Node.around(Node.java:137)
	at org.junit.platform.engine.support.hierarchical.NodeTestTask.lambda$executeRecursively$9(NodeTestTask.java:139)
	at org.junit.platform.engine.support.hierarchical.ThrowableCollector.execute(ThrowableCollector.java:73)
	at org.junit.platform.engine.support.hierarchical.NodeTestTask.executeRecursively(NodeTestTask.java:138)
	at org.junit.platform.engine.support.hierarchical.NodeTestTask.execute(NodeTestTask.java:95)
	at java.base/java.util.ArrayList.forEach(ArrayList.java:1511)
	at org.junit.platform.engine.support.hierarchical.SameThreadHierarchicalTestExecutorService.invokeAll(SameThreadHierarchicalTestExecutorService.java:41)
	at org.junit.platform.engine.support.hierarchical.NodeTestTask.lambda$executeRecursively$6(NodeTestTask.java:155)
	at org.junit.platform.engine.support.hierarchical.ThrowableCollector.execute(ThrowableCollector.java:73)
	at org.junit.platform.engine.support.hierarchical.NodeTestTask.lambda$executeRecursively$8(NodeTestTask.java:141)
	at org.junit.platform.engine.support.hierarchical.Node.around(Node.java:137)
	at org.junit.platform.engine.support.hierarchical.NodeTestTask.lambda$executeRecursively$9(NodeTestTask.java:139)
	at org.junit.platform.engine.support.hierarchical.ThrowableCollector.execute(ThrowableCollector.java:73)
	at org.junit.platform.engine.support.hierarchical.NodeTestTask.executeRecursively(NodeTestTask.java:138)
	at org.junit.platform.engine.support.hierarchical.NodeTestTask.execute(NodeTestTask.java:95)
	at org.junit.platform.engine.support.hierarchical.SameThreadHierarchicalTestExecutorService.submit(SameThreadHierarchicalTestExecutorService.java:35)
	at org.junit.platform.engine.support.hierarchical.HierarchicalTestExecutor.execute(HierarchicalTestExecutor.java:57)
	at org.junit.platform.engine.support.hierarchical.HierarchicalTestEngine.execute(HierarchicalTestEngine.java:54)
	at aQute.tester.bundle.engine.BundleDescriptor.executeChild(BundleDescriptor.java:49)
	at aQute.tester.bundle.engine.BundleEngine.lambda$executeBundle$7(BundleEngine.java:120)
	at java.base/java.util.stream.ForEachOps$ForEachOp$OfRef.accept(ForEachOps.java:183)
	at java.base/java.util.stream.ReferencePipeline$2$1.accept(ReferencePipeline.java:179)
	at java.base/java.util.Iterator.forEachRemaining(Iterator.java:133)
	at java.base/java.util.Spliterators$IteratorSpliterator.forEachRemaining(Spliterators.java:1845)
	at java.base/java.util.stream.AbstractPipeline.copyInto(AbstractPipeline.java:509)
	at java.base/java.util.stream.AbstractPipeline.wrapAndCopyInto(AbstractPipeline.java:499)
	at java.base/java.util.stream.ForEachOps$ForEachOp.evaluateSequential(ForEachOps.java:150)
	at java.base/java.util.stream.ForEachOps$ForEachOp$OfRef.evaluateSequential(ForEachOps.java:173)
	at java.base/java.util.stream.AbstractPipeline.evaluate(AbstractPipeline.java:234)
	at java.base/java.util.stream.ReferencePipeline.forEach(ReferencePipeline.java:596)
	at aQute.tester.bundle.engine.BundleEngine.executeBundle(BundleEngine.java:120)
	at aQute.tester.bundle.engine.BundleEngine.lambda$execute$5(BundleEngine.java:100)
	at java.base/java.util.stream.ForEachOps$ForEachOp$OfRef.accept(ForEachOps.java:183)
	at java.base/java.util.stream.ReferencePipeline$3$1.accept(ReferencePipeline.java:197)
	at java.base/java.util.stream.ReferencePipeline$2$1.accept(ReferencePipeline.java:179)
	at java.base/java.util.Iterator.forEachRemaining(Iterator.java:133)
	at java.base/java.util.Spliterators$IteratorSpliterator.forEachRemaining(Spliterators.java:1845)
	at java.base/java.util.stream.AbstractPipeline.copyInto(AbstractPipeline.java:509)
	at java.base/java.util.stream.AbstractPipeline.wrapAndCopyInto(AbstractPipeline.java:499)
	at java.base/java.util.stream.ForEachOps$ForEachOp.evaluateSequential(ForEachOps.java:150)
	at java.base/java.util.stream.ForEachOps$ForEachOp$OfRef.evaluateSequential(ForEachOps.java:173)
	at java.base/java.util.stream.AbstractPipeline.evaluate(AbstractPipeline.java:234)
	at java.base/java.util.stream.ReferencePipeline.forEach(ReferencePipeline.java:596)
	at aQute.tester.bundle.engine.BundleEngine.execute(BundleEngine.java:100)
	at org.junit.platform.launcher.core.EngineExecutionOrchestrator.execute(EngineExecutionOrchestrator.java:147)
	at org.junit.platform.launcher.core.EngineExecutionOrchestrator.execute(EngineExecutionOrchestrator.java:127)
	at org.junit.platform.launcher.core.EngineExecutionOrchestrator.execute(EngineExecutionOrchestrator.java:90)
	at org.junit.platform.launcher.core.EngineExecutionOrchestrator.lambda$execute$0(EngineExecutionOrchestrator.java:55)
	at org.junit.platform.launcher.core.EngineExecutionOrchestrator.withInterceptedStreams(EngineExecutionOrchestrator.java:102)
	at org.junit.platform.launcher.core.EngineExecutionOrchestrator.execute(EngineExecutionOrchestrator.java:54)
	at org.junit.platform.launcher.core.DefaultLauncher.execute(DefaultLauncher.java:114)
	at org.junit.platform.launcher.core.DefaultLauncher.execute(DefaultLauncher.java:86)
	at org.junit.platform.launcher.core.DefaultLauncherSession$DelegatingLauncher.execute(DefaultLauncherSession.java:86)
	at org.junit.platform.launcher.core.SessionPerRequestLauncher.execute(SessionPerRequestLauncher.java:53)
	at aQute.tester.junit.platform.Activator.test(Activator.java:441)
	at aQute.tester.junit.platform.Activator.automatic(Activator.java:345)
	at aQute.tester.junit.platform.Activator.run(Activator.java:217)
	at java.base/java.util.concurrent.Executors$RunnableAdapter.call(Executors.java:539)
	at aQute.launcher.Launcher.handleMainCallable(Launcher.java:465)
	at aQute.launcher.Launcher.launch(Launcher.java:438)
	at aQute.launcher.Launcher.run(Launcher.java:186)
	at aQute.launcher.Launcher.main(Launcher.java:162)
	at aQute.launcher.pre.EmbeddedLauncher.executeWithRunPath(EmbeddedLauncher.java:170)
	at aQute.launcher.pre.EmbeddedLauncher.findAndExecute(EmbeddedLauncher.java:135)
	at aQute.launcher.pre.EmbeddedLauncher.main(EmbeddedLauncher.java:52)
]]></failure>
</testcase>
</testsuite>
